commit ff3db6ea12d541c57502ff18045d0fcc936d688a
Author: lorentz@zzw <1947663164@qq.com>
Date:   Mon Jul 7 13:50:31 2025 +0800

    debug in web

commit 9d329a75147fa72d60215a0a2f62efb2ba47a9f9
Author: lorentz@zzw <1947663164@qq.com>
Date:   Mon Jul 7 13:10:46 2025 +0800

    add comments in analysis

commit 1a93fa864645169c7fd307b6377add6eb54271a3
Author: lorentz@zzw <1947663164@qq.com>
Date:   Mon Jul 7 10:26:09 2025 +0800

    comment in crawler added

commit edb145a9cded92b610a7681cc587d42fe160a0e0
Author: lorentz@zzw <1947663164@qq.com>
Date:   Mon Jul 7 09:57:01 2025 +0800

    profile fold added && comment in code added

commit 7c4a4db58b6765516e109a76926143f327cec1e3
Author: lorentz@zzw <1947663164@qq.com>
Date:   Mon Jul 7 01:30:14 2025 +0800

    ana 95% && report 90%

commit 6d09164f622f0d239c179acd5854c30ec6f5f7a9
Author: lorentz@zzw <1947663164@qq.com>
Date:   Sat Jul 5 21:13:52 2025 +0800

    ana 10% && cr bug fixed && time feature added

commit 94195d9a7b329f99dad7d98fa6b63e55a57738df
Author: lorentz@zzw <1947663164@qq.com>
Date:   Sat Jul 5 12:41:44 2025 +0800

    crawling range adjusted

commit 9c9da95362be34c11c54afbd7e3af26a9ee53d08
Author: lorentz@zzw <1947663164@qq.com>
Date:   Thu Jul 3 21:00:16 2025 +0800

    rm csv file

commit 2ece0ba3f05ba1946f56c4a01a13bf118f6fb755
Author: lorentz@zzw <1947663164@qq.com>
Date:   Thu Jul 3 20:58:28 2025 +0800

    refine crawler && add album and outer && refine crawler logic

commit 08f699c32ca0a1dd13fe50ea8aab1a5f03e07858
Author: lorentz@zzw <1947663164@qq.com>
Date:   Wed Jul 2 23:14:04 2025 +0800

    add hw5

commit 858ab40ab40f43a1e9652873f60fae6b75ff4aeb
Author: lorentz@zzw <1947663164@qq.com>
Date:   Wed Jul 2 23:13:17 2025 +0800

    web 95%

commit bbae48525ba44e41932dd560ba9d7500b9dc7c2c
Author: lorentz@zzw <1947663164@qq.com>
Date:   Tue Jul 1 20:28:49 2025 +0800

    bug in search page of paganation fixed

commit e5c1d4cab414c95f1495a4c6634dae2ba726da4a
Author: lorentz@zzw <1947663164@qq.com>
Date:   Tue Jul 1 18:53:20 2025 +0800

    rm db

commit 34f19c6a4dd6ffee3b09576dea432384ac22fe0e
Author: lorentz@zzw <1947663164@qq.com>
Date:   Tue Jul 1 18:51:42 2025 +0800

    web 80% finished && a beautiful frame && waiting for reconstructing the css&html

commit 2dbbcc8db22ff4352a0500a6693ffbd9efa116c9
Author: lorentz@zzw <1947663164@qq.com>
Date:   Mon Jun 30 00:59:28 2025 +0800

    web 60% finished && 1.css frame added && 2.related recommendation added && 3. pages remain

commit 3ddd86608098212223b4764d9323b6d9a6242eaa
Author: lorentz@zzw <1947663164@qq.com>
Date:   Sun Jun 29 17:07:10 2025 +0800

    web 10%

commit e83ad634960e1cf678288c855e4947aaa15a5578
Author: lorentz@zzw <1947663164@qq.com>
Date:   Sun Jun 29 12:11:36 2025 +0800

    crawler finished

commit bef250fffab2b2eabb046df1c13dde0cdba4fa5c
Author: lorentz@zzw <1947663164@qq.com>
Date:   Sun Jun 29 01:02:58 2025 +0800

    crawler finished 80%

commit 7d20add85ee949ad7195679dfd06487fb14ea5da
Author: lorentz@zzw <1947663164@qq.com>
Date:   Sat Jun 28 18:59:51 2025 +0800

    delete wyy

commit 51faca82f023c538b6b43171a036e92e4078b77b
Author: lorentz@zzw <1947663164@qq.com>
Date:   Sat Jun 28 18:53:23 2025 +0800

    hw1 & hw2 finished && Project1 crawler finished 50%

commit 7bfb61a5583db015526029f671ad476c25e524cd
Author: lorentz_wsl <1947663164@qq.com>
Date:   Tue Jun 24 00:00:09 2025 +0800

    hw1
